{
"/git/labs/nonstop/nonstop-pack/src/git.js":{"path":"/git/labs/nonstop/nonstop-pack/src/git.js","s":{"1":1,"2":1,"3":1,"4":1,"5":1,"6":1,"7":1,"8":3,"9":3,"10":1,"11":3,"12":3,"13":1,"14":27,"15":1,"16":3,"17":3,"18":3,"19":1,"20":3,"21":3,"22":3,"23":1,"24":3,"25":3,"26":30,"27":1,"28":1,"29":1,"30":1,"31":1,"32":1,"33":1,"34":3,"35":3,"36":3,"37":3,"38":27,"39":27,"40":3,"41":27,"42":27,"43":3,"44":27,"45":27,"46":24,"47":3,"48":27,"49":27,"50":3,"51":3,"52":3,"53":1,"54":3,"55":1,"56":3,"57":1},"b":{"1":[30,27],"2":[24,3]},"f":{"1":3,"2":3,"3":3,"4":3,"5":27,"6":3,"7":3,"8":3,"9":3,"10":3,"11":3,"12":30,"13":1,"14":1,"15":1,"16":3,"17":3,"18":27,"19":27,"20":3,"21":27,"22":3,"23":27,"24":3,"25":3},"fnMap":{"1":{"name":"getBranch","line":8,"loc":{"start":{"line":8,"column":0},"end":{"line":8,"column":27}}},"2":{"name":"(anonymous_2)","line":10,"loc":{"start":{"line":10,"column":9},"end":{"line":10,"column":28}}},"3":{"name":"getCommit","line":15,"loc":{"start":{"line":15,"column":0},"end":{"line":15,"column":27}}},"4":{"name":"(anonymous_4)","line":17,"loc":{"start":{"line":17,"column":9},"end":{"line":17,"column":28}}},"5":{"name":"getFileAtSha","line":22,"loc":{"start":{"line":22,"column":0},"end":{"line":22,"column":45}}},"6":{"name":"getOwner","line":26,"loc":{"start":{"line":26,"column":0},"end":{"line":26,"column":26}}},"7":{"name":"(anonymous_7)","line":29,"loc":{"start":{"line":29,"column":9},"end":{"line":29,"column":26}}},"8":{"name":"getRepository","line":34,"loc":{"start":{"line":34,"column":0},"end":{"line":34,"column":31}}},"9":{"name":"(anonymous_9)","line":37,"loc":{"start":{"line":37,"column":9},"end":{"line":37,"column":26}}},"10":{"name":"getRevisionListFor","line":42,"loc":{"start":{"line":42,"column":0},"end":{"line":42,"column":46}}},"11":{"name":"(anonymous_11)","line":44,"loc":{"start":{"line":44,"column":9},"end":{"line":44,"column":27}}},"12":{"name":"(anonymous_12)","line":45,"loc":{"start":{"line":45,"column":40},"end":{"line":45,"column":54}}},"13":{"name":"getVersionHistory","line":49,"loc":{"start":{"line":49,"column":0},"end":{"line":49,"column":35}}},"14":{"name":"(anonymous_14)","line":52,"loc":{"start":{"line":52,"column":9},"end":{"line":52,"column":26}}},"15":{"name":"(anonymous_15)","line":54,"loc":{"start":{"line":54,"column":11},"end":{"line":54,"column":28}}},"16":{"name":"getVersionHistoryFor","line":61,"loc":{"start":{"line":61,"column":0},"end":{"line":61,"column":48}}},"17":{"name":"(anonymous_17)","line":65,"loc":{"start":{"line":65,"column":9},"end":{"line":65,"column":29}}},"18":{"name":"(anonymous_18)","line":66,"loc":{"start":{"line":66,"column":39},"end":{"line":66,"column":55}}},"19":{"name":"(anonymous_19)","line":68,"loc":{"start":{"line":68,"column":12},"end":{"line":68,"column":32}}},"20":{"name":"(anonymous_20)","line":72,"loc":{"start":{"line":72,"column":10},"end":{"line":72,"column":31}}},"21":{"name":"(anonymous_21)","line":73,"loc":{"start":{"line":73,"column":28},"end":{"line":73,"column":45}}},"22":{"name":"(anonymous_22)","line":78,"loc":{"start":{"line":78,"column":10},"end":{"line":78,"column":31}}},"23":{"name":"(anonymous_23)","line":79,"loc":{"start":{"line":79,"column":35},"end":{"line":79,"column":49}}},"24":{"name":"createInfo","line":96,"loc":{"start":{"line":96,"column":0},"end":{"line":96,"column":57}}},"25":{"name":"readRepository","line":106,"loc":{"start":{"line":106,"column":0},"end":{"line":106,"column":32}}}},"statementMap":{"1":{"start":{"line":1,"column":0},"end":{"line":1,"column":28}},"2":{"start":{"line":2,"column":0},"end":{"line":2,"column":29}},"3":{"start":{"line":3,"column":0},"end":{"line":3,"column":38}},"4":{"start":{"line":4,"column":0},"end":{"line":4,"column":37}},"5":{"start":{"line":5,"column":0},"end":{"line":5,"column":40}},"6":{"start":{"line":6,"column":0},"end":{"line":6,"column":32}},"7":{"start":{"line":8,"column":0},"end":{"line":13,"column":1}},"8":{"start":{"line":9,"column":1},"end":{"line":12,"column":6}},"9":{"start":{"line":11,"column":3},"end":{"line":11,"column":24}},"10":{"start":{"line":15,"column":0},"end":{"line":20,"column":1}},"11":{"start":{"line":16,"column":1},"end":{"line":19,"column":6}},"12":{"start":{"line":18,"column":3},"end":{"line":18,"column":24}},"13":{"start":{"line":22,"column":0},"end":{"line":24,"column":1}},"14":{"start":{"line":23,"column":1},"end":{"line":23,"column":68}},"15":{"start":{"line":26,"column":0},"end":{"line":32,"column":1}},"16":{"start":{"line":27,"column":1},"end":{"line":27,"column":64}},"17":{"start":{"line":28,"column":1},"end":{"line":31,"column":6}},"18":{"start":{"line":30,"column":3},"end":{"line":30,"column":34}},"19":{"start":{"line":34,"column":0},"end":{"line":40,"column":1}},"20":{"start":{"line":35,"column":1},"end":{"line":35,"column":66}},"21":{"start":{"line":36,"column":1},"end":{"line":39,"column":6}},"22":{"start":{"line":38,"column":3},"end":{"line":38,"column":34}},"23":{"start":{"line":42,"column":0},"end":{"line":47,"column":1}},"24":{"start":{"line":43,"column":1},"end":{"line":46,"column":6}},"25":{"start":{"line":45,"column":3},"end":{"line":45,"column":107}},"26":{"start":{"line":45,"column":56},"end":{"line":45,"column":102}},"27":{"start":{"line":49,"column":0},"end":{"line":59,"column":1}},"28":{"start":{"line":50,"column":1},"end":{"line":50,"column":29}},"29":{"start":{"line":51,"column":1},"end":{"line":57,"column":6}},"30":{"start":{"line":53,"column":3},"end":{"line":56,"column":8}},"31":{"start":{"line":55,"column":5},"end":{"line":55,"column":30}},"32":{"start":{"line":58,"column":1},"end":{"line":58,"column":25}},"33":{"start":{"line":61,"column":0},"end":{"line":94,"column":1}},"34":{"start":{"line":62,"column":1},"end":{"line":62,"column":22}},"35":{"start":{"line":63,"column":1},"end":{"line":63,"column":29}},"36":{"start":{"line":64,"column":1},"end":{"line":92,"column":6}},"37":{"start":{"line":66,"column":3},"end":{"line":91,"column":7}},"38":{"start":{"line":67,"column":4},"end":{"line":70,"column":9}},"39":{"start":{"line":69,"column":6},"end":{"line":69,"column":44}},"40":{"start":{"line":73,"column":4},"end":{"line":76,"column":8}},"41":{"start":{"line":74,"column":5},"end":{"line":74,"column":60}},"42":{"start":{"line":75,"column":5},"end":{"line":75,"column":44}},"43":{"start":{"line":79,"column":4},"end":{"line":88,"column":8}},"44":{"start":{"line":80,"column":5},"end":{"line":80,"column":42}},"45":{"start":{"line":81,"column":5},"end":{"line":85,"column":6}},"46":{"start":{"line":82,"column":6},"end":{"line":82,"column":15}},"47":{"start":{"line":84,"column":6},"end":{"line":84,"column":16}},"48":{"start":{"line":86,"column":5},"end":{"line":86,"column":38}},"49":{"start":{"line":87,"column":5},"end":{"line":87,"column":61}},"50":{"start":{"line":89,"column":4},"end":{"line":89,"column":32}},"51":{"start":{"line":90,"column":4},"end":{"line":90,"column":19}},"52":{"start":{"line":93,"column":1},"end":{"line":93,"column":25}},"53":{"start":{"line":96,"column":0},"end":{"line":104,"column":1}},"54":{"start":{"line":97,"column":1},"end":{"line":103,"column":3}},"55":{"start":{"line":106,"column":0},"end":{"line":108,"column":1}},"56":{"start":{"line":107,"column":1},"end":{"line":107,"column":116}},"57":{"start":{"line":110,"column":0},"end":{"line":116,"column":2}}},"branchMap":{"1":{"line":45,"type":"binary-expr","locations":[{"start":{"line":45,"column":63},"end":{"line":45,"column":71}},{"start":{"line":45,"column":75},"end":{"line":45,"column":101}}]},"2":{"line":81,"type":"if","locations":[{"start":{"line":81,"column":5},"end":{"line":81,"column":5}},{"start":{"line":81,"column":5},"end":{"line":81,"column":5}}]}},"l":{"1":1,"2":1,"3":1,"4":1,"5":1,"6":1,"8":1,"9":3,"11":3,"15":1,"16":3,"18":3,"22":1,"23":27,"26":1,"27":3,"28":3,"30":3,"34":1,"35":3,"36":3,"38":3,"42":1,"43":3,"45":30,"49":1,"50":1,"51":1,"53":1,"55":1,"58":1,"61":1,"62":3,"63":3,"64":3,"66":3,"67":27,"69":27,"73":3,"74":27,"75":27,"79":3,"80":27,"81":27,"82":24,"84":3,"86":27,"87":27,"89":3,"90":3,"93":3,"96":1,"97":3,"106":1,"107":3,"110":1}},
"/git/labs/nonstop/nonstop-pack/src/command.js":{"path":"/git/labs/nonstop/nonstop-pack/src/command.js","s":{"1":1,"2":1,"3":1,"4":1,"5":42,"6":42,"7":42,"8":42,"9":42,"10":0,"11":42,"12":1},"b":{"1":[42,0],"2":[0,42],"3":[0,42]},"f":{"1":42,"2":42,"3":42},"fnMap":{"1":{"name":"executeCommand","line":5,"loc":{"start":{"line":5,"column":0},"end":{"line":5,"column":38}}},"2":{"name":"(anonymous_2)","line":7,"loc":{"start":{"line":7,"column":22},"end":{"line":7,"column":50}}},"3":{"name":"(anonymous_3)","line":11,"loc":{"start":{"line":11,"column":3},"end":{"line":11,"column":35}}}},"statementMap":{"1":{"start":{"line":1,"column":0},"end":{"line":1,"column":28}},"2":{"start":{"line":2,"column":0},"end":{"line":2,"column":43}},"3":{"start":{"line":3,"column":0},"end":{"line":3,"column":29}},"4":{"start":{"line":5,"column":0},"end":{"line":19,"column":1}},"5":{"start":{"line":6,"column":1},"end":{"line":6,"column":26}},"6":{"start":{"line":7,"column":1},"end":{"line":18,"column":5}},"7":{"start":{"line":8,"column":2},"end":{"line":8,"column":60}},"8":{"start":{"line":9,"column":2},"end":{"line":17,"column":7}},"9":{"start":{"line":12,"column":4},"end":{"line":16,"column":5}},"10":{"start":{"line":13,"column":5},"end":{"line":13,"column":46}},"11":{"start":{"line":15,"column":5},"end":{"line":15,"column":23}},"12":{"start":{"line":21,"column":0},"end":{"line":21,"column":32}}},"branchMap":{"1":{"line":6,"type":"binary-expr","locations":[{"start":{"line":6,"column":8},"end":{"line":6,"column":12}},{"start":{"line":6,"column":16},"end":{"line":6,"column":25}}]},"2":{"line":8,"type":"cond-expr","locations":[{"start":{"line":8,"column":36},"end":{"line":8,"column":52}},{"start":{"line":8,"column":55},"end":{"line":8,"column":59}}]},"3":{"line":12,"type":"if","locations":[{"start":{"line":12,"column":4},"end":{"line":12,"column":4}},{"start":{"line":12,"column":4},"end":{"line":12,"column":4}}]}},"l":{"1":1,"2":1,"3":1,"5":1,"6":42,"7":42,"8":42,"9":42,"12":42,"13":0,"15":42,"21":1}},
"/git/labs/nonstop/nonstop-pack/src/version.js":{"path":"/git/labs/nonstop/nonstop-pack/src/version.js","s":{"1":1,"2":1,"3":1,"4":1,"5":1,"6":1,"7":1,"8":1,"9":1,"10":1,"11":28,"12":28,"13":1,"14":1,"15":1,"16":1,"17":1,"18":1,"19":1,"20":4,"21":4,"22":4,"23":4,"24":0,"25":4,"26":4,"27":4,"28":0,"29":1,"30":30,"31":12,"32":30,"33":30,"34":1},"b":{"1":[1,0],"2":[1,0],"3":[0,4],"4":[12,18]},"f":{"1":1,"2":28,"3":1,"4":4,"5":4,"6":4,"7":30},"fnMap":{"1":{"name":"parseErlangVersion","line":7,"loc":{"start":{"line":7,"column":0},"end":{"line":7,"column":39}}},"2":{"name":"parseNodeVersion","line":13,"loc":{"start":{"line":13,"column":0},"end":{"line":13,"column":37}}},"3":{"name":"parseDotNetVersion","line":18,"loc":{"start":{"line":18,"column":0},"end":{"line":18,"column":39}}},"4":{"name":"getVersionFile","line":36,"loc":{"start":{"line":36,"column":0},"end":{"line":36,"column":39}}},"5":{"name":"(anonymous_5)","line":38,"loc":{"start":{"line":38,"column":22},"end":{"line":38,"column":50}}},"6":{"name":"(anonymous_6)","line":40,"loc":{"start":{"line":40,"column":10},"end":{"line":40,"column":24}}},"7":{"name":"getVersion","line":55,"loc":{"start":{"line":55,"column":0},"end":{"line":55,"column":41}}}},"statementMap":{"1":{"start":{"line":1,"column":0},"end":{"line":1,"column":28}},"2":{"start":{"line":2,"column":0},"end":{"line":2,"column":29}},"3":{"start":{"line":3,"column":0},"end":{"line":3,"column":35}},"4":{"start":{"line":4,"column":0},"end":{"line":4,"column":29}},"5":{"start":{"line":5,"column":0},"end":{"line":5,"column":25}},"6":{"start":{"line":7,"column":0},"end":{"line":11,"column":1}},"7":{"start":{"line":8,"column":1},"end":{"line":8,"column":44}},"8":{"start":{"line":9,"column":1},"end":{"line":9,"column":37}},"9":{"start":{"line":10,"column":1},"end":{"line":10,"column":48}},"10":{"start":{"line":13,"column":0},"end":{"line":16,"column":1}},"11":{"start":{"line":14,"column":1},"end":{"line":14,"column":34}},"12":{"start":{"line":15,"column":1},"end":{"line":15,"column":39}},"13":{"start":{"line":18,"column":0},"end":{"line":22,"column":1}},"14":{"start":{"line":19,"column":1},"end":{"line":19,"column":87}},"15":{"start":{"line":20,"column":1},"end":{"line":20,"column":37}},"16":{"start":{"line":21,"column":1},"end":{"line":21,"column":48}},"17":{"start":{"line":24,"column":0},"end":{"line":28,"column":2}},"18":{"start":{"line":30,"column":0},"end":{"line":34,"column":2}},"19":{"start":{"line":36,"column":0},"end":{"line":53,"column":1}},"20":{"start":{"line":37,"column":1},"end":{"line":37,"column":48}},"21":{"start":{"line":38,"column":1},"end":{"line":52,"column":5}},"22":{"start":{"line":39,"column":2},"end":{"line":51,"column":7}},"23":{"start":{"line":41,"column":4},"end":{"line":50,"column":5}},"24":{"start":{"line":42,"column":5},"end":{"line":42,"column":105}},"25":{"start":{"line":44,"column":5},"end":{"line":44,"column":23}},"26":{"start":{"line":45,"column":5},"end":{"line":49,"column":6}},"27":{"start":{"line":46,"column":6},"end":{"line":46,"column":22}},"28":{"start":{"line":48,"column":6},"end":{"line":48,"column":100}},"29":{"start":{"line":55,"column":0},"end":{"line":61,"column":1}},"30":{"start":{"line":56,"column":1},"end":{"line":58,"column":2}},"31":{"start":{"line":57,"column":2},"end":{"line":57,"column":40}},"32":{"start":{"line":59,"column":1},"end":{"line":59,"column":36}},"33":{"start":{"line":60,"column":1},"end":{"line":60,"column":34}},"34":{"start":{"line":63,"column":0},"end":{"line":66,"column":2}}},"branchMap":{"1":{"line":10,"type":"cond-expr","locations":[{"start":{"line":10,"column":23},"end":{"line":10,"column":35}},{"start":{"line":10,"column":38},"end":{"line":10,"column":47}}]},"2":{"line":21,"type":"cond-expr","locations":[{"start":{"line":21,"column":23},"end":{"line":21,"column":35}},{"start":{"line":21,"column":38},"end":{"line":21,"column":47}}]},"3":{"line":41,"type":"if","locations":[{"start":{"line":41,"column":4},"end":{"line":41,"column":4}},{"start":{"line":41,"column":4},"end":{"line":41,"column":4}}]},"4":{"line":56,"type":"if","locations":[{"start":{"line":56,"column":1},"end":{"line":56,"column":1}},{"start":{"line":56,"column":1},"end":{"line":56,"column":1}}]}},"l":{"1":1,"2":1,"3":1,"4":1,"5":1,"7":1,"8":1,"9":1,"10":1,"13":1,"14":28,"15":28,"18":1,"19":1,"20":1,"21":1,"24":1,"30":1,"36":1,"37":4,"38":4,"39":4,"41":4,"42":0,"44":4,"45":4,"46":4,"48":0,"55":1,"56":30,"57":12,"59":30,"60":30,"63":1}},
"/git/labs/nonstop/nonstop-pack/src/package.js":{"path":"/git/labs/nonstop/nonstop-pack/src/package.js","s":{"1":1,"2":1,"3":1,"4":1,"5":1,"6":1,"7":1,"8":1,"9":1,"10":1,"11":1,"12":1,"13":1,"14":1,"15":1,"16":1,"17":1,"18":1,"19":1,"20":1,"21":2,"22":2,"23":2,"24":1,"25":1,"26":1,"27":1,"28":1,"29":5,"30":0,"31":5,"32":5,"33":123,"34":1,"35":2,"36":2,"37":2,"38":3,"39":3,"40":2,"41":3,"42":2,"43":3,"44":2,"45":3,"46":3,"47":3,"48":2,"49":3,"50":2,"51":3,"52":2,"53":1,"54":1,"55":1,"56":2,"57":2,"58":2,"59":2,"60":2,"61":2,"62":2,"63":2,"64":2,"65":2,"66":2,"67":2,"68":2,"69":2,"70":0,"71":0,"72":0,"73":0,"74":0,"75":0,"76":2,"77":2,"78":2,"79":2,"80":2,"81":2,"82":2,"83":1,"84":3,"85":3,"86":1,"87":1,"88":1,"89":1,"90":1,"91":1,"92":1,"93":1,"94":1,"95":1,"96":0,"97":1,"98":1,"99":1,"100":0,"101":1,"102":2866,"103":2866,"104":1,"105":1,"106":26,"107":26,"108":26,"109":1,"110":24,"111":24,"112":24,"113":24,"114":0,"115":24,"116":1,"117":1,"118":1,"119":24,"120":1,"121":1,"122":2,"123":29,"124":29,"125":319,"126":319,"127":319,"128":319,"129":1,"130":2,"131":2,"132":2,"133":2,"134":1,"135":1,"136":0,"137":0,"138":0,"139":0,"140":1,"141":1,"142":1,"143":1,"144":1,"145":1,"146":1,"147":1,"148":1},"b":{"1":[0,5],"2":[3,0],"3":[1,1],"4":[2,0],"5":[1,1],"6":[2,0],"7":[2,0],"8":[3,0],"9":[0,1],"10":[0,1],"11":[26,2],"12":[0,24],"13":[1,1],"14":[0,0]},"f":{"1":2,"2":1,"3":1,"4":5,"5":123,"6":2,"7":2,"8":3,"9":3,"10":3,"11":2,"12":3,"13":3,"14":3,"15":2,"16":2,"17":2,"18":3,"19":1,"20":1,"21":1,"22":0,"23":1,"24":2866,"25":26,"26":24,"27":1,"28":1,"29":24,"30":2,"31":29,"32":319,"33":319,"34":2,"35":2,"36":0,"37":0,"38":1,"39":1},"fnMap":{"1":{"name":"addPackage","line":21,"loc":{"start":{"line":21,"column":0},"end":{"line":21,"column":51}}},"2":{"name":"createPackage","line":27,"loc":{"start":{"line":27,"column":0},"end":{"line":27,"column":38}}},"3":{"name":"(anonymous_3)","line":29,"loc":{"start":{"line":29,"column":9},"end":{"line":29,"column":26}}},"4":{"name":"findPackage","line":35,"loc":{"start":{"line":35,"column":0},"end":{"line":35,"column":41}}},"5":{"name":"(anonymous_5)","line":40,"loc":{"start":{"line":40,"column":19},"end":{"line":40,"column":36}}},"6":{"name":"getInstalledVersion","line":45,"loc":{"start":{"line":45,"column":0},"end":{"line":45,"column":68}}},"7":{"name":"(anonymous_7)","line":48,"loc":{"start":{"line":48,"column":9},"end":{"line":48,"column":27}}},"8":{"name":"(anonymous_8)","line":49,"loc":{"start":{"line":49,"column":32},"end":{"line":49,"column":49}}},"9":{"name":"(anonymous_9)","line":53,"loc":{"start":{"line":53,"column":44},"end":{"line":53,"column":61}}},"10":{"name":"(anonymous_10)","line":56,"loc":{"start":{"line":56,"column":36},"end":{"line":56,"column":53}}},"11":{"name":"(anonymous_11)","line":60,"loc":{"start":{"line":60,"column":9},"end":{"line":60,"column":33}}},"12":{"name":"(anonymous_12)","line":61,"loc":{"start":{"line":61,"column":38},"end":{"line":61,"column":54}}},"13":{"name":"(anonymous_13)","line":67,"loc":{"start":{"line":67,"column":38},"end":{"line":67,"column":58}}},"14":{"name":"(anonymous_14)","line":70,"loc":{"start":{"line":70,"column":18},"end":{"line":70,"column":35}}},"15":{"name":"getPackageInfo","line":81,"loc":{"start":{"line":81,"column":0},"end":{"line":81,"column":57}}},"16":{"name":"(anonymous_16)","line":91,"loc":{"start":{"line":91,"column":10},"end":{"line":91,"column":27}}},"17":{"name":"(anonymous_17)","line":108,"loc":{"start":{"line":108,"column":18},"end":{"line":108,"column":39}}},"18":{"name":"getPackageVersion","line":127,"loc":{"start":{"line":127,"column":0},"end":{"line":127,"column":35}}},"19":{"name":"pack","line":132,"loc":{"start":{"line":132,"column":0},"end":{"line":132,"column":46}}},"20":{"name":"(anonymous_20)","line":133,"loc":{"start":{"line":133,"column":22},"end":{"line":133,"column":50}}},"21":{"name":"(anonymous_21)","line":140,"loc":{"start":{"line":140,"column":22},"end":{"line":140,"column":33}}},"22":{"name":"(anonymous_22)","line":143,"loc":{"start":{"line":143,"column":23},"end":{"line":143,"column":39}}},"23":{"name":"(anonymous_23)","line":149,"loc":{"start":{"line":149,"column":10},"end":{"line":149,"column":28}}},"24":{"name":"(anonymous_24)","line":153,"loc":{"start":{"line":153,"column":19},"end":{"line":153,"column":36}}},"25":{"name":"parsePackage","line":163,"loc":{"start":{"line":163,"column":0},"end":{"line":163,"column":54}}},"26":{"name":"processPackage","line":184,"loc":{"start":{"line":184,"column":0},"end":{"line":184,"column":49}}},"27":{"name":"scanPackages","line":195,"loc":{"start":{"line":195,"column":0},"end":{"line":195,"column":30}}},"28":{"name":"(anonymous_28)","line":197,"loc":{"start":{"line":197,"column":9},"end":{"line":197,"column":27}}},"29":{"name":"(anonymous_29)","line":198,"loc":{"start":{"line":198,"column":29},"end":{"line":198,"column":46}}},"30":{"name":"termList","line":205,"loc":{"start":{"line":205,"column":0},"end":{"line":205,"column":30}}},"31":{"name":"(anonymous_31)","line":206,"loc":{"start":{"line":206,"column":44},"end":{"line":206,"column":63}}},"32":{"name":"(anonymous_32)","line":208,"loc":{"start":{"line":208,"column":23},"end":{"line":208,"column":40}}},"33":{"name":"(anonymous_33)","line":214,"loc":{"start":{"line":214,"column":2},"end":{"line":214,"column":19}}},"34":{"name":"unpack","line":218,"loc":{"start":{"line":218,"column":0},"end":{"line":218,"column":36}}},"35":{"name":"(anonymous_35)","line":221,"loc":{"start":{"line":221,"column":22},"end":{"line":221,"column":50}}},"36":{"name":"(anonymous_36)","line":227,"loc":{"start":{"line":227,"column":18},"end":{"line":227,"column":35}}},"37":{"name":"(anonymous_37)","line":228,"loc":{"start":{"line":228,"column":37},"end":{"line":228,"column":53}}},"38":{"name":"(anonymous_38)","line":235,"loc":{"start":{"line":235,"column":19},"end":{"line":235,"column":30}}},"39":{"name":"uploadPackage","line":244,"loc":{"start":{"line":244,"column":0},"end":{"line":244,"column":59}}}},"statementMap":{"1":{"start":{"line":1,"column":0},"end":{"line":1,"column":33}},"2":{"start":{"line":2,"column":0},"end":{"line":2,"column":29}},"3":{"start":{"line":3,"column":0},"end":{"line":3,"column":39}},"4":{"start":{"line":4,"column":0},"end":{"line":4,"column":42}},"5":{"start":{"line":5,"column":0},"end":{"line":5,"column":29}},"6":{"start":{"line":6,"column":0},"end":{"line":6,"column":25}},"7":{"start":{"line":7,"column":0},"end":{"line":7,"column":33}},"8":{"start":{"line":8,"column":0},"end":{"line":8,"column":28}},"9":{"start":{"line":9,"column":0},"end":{"line":9,"column":37}},"10":{"start":{"line":10,"column":0},"end":{"line":10,"column":29}},"11":{"start":{"line":11,"column":0},"end":{"line":11,"column":30}},"12":{"start":{"line":12,"column":0},"end":{"line":12,"column":33}},"13":{"start":{"line":13,"column":0},"end":{"line":13,"column":32}},"14":{"start":{"line":14,"column":0},"end":{"line":14,"column":44}},"15":{"start":{"line":15,"column":0},"end":{"line":15,"column":42}},"16":{"start":{"line":16,"column":0},"end":{"line":16,"column":35}},"17":{"start":{"line":17,"column":0},"end":{"line":17,"column":25}},"18":{"start":{"line":18,"column":0},"end":{"line":18,"column":33}},"19":{"start":{"line":19,"column":0},"end":{"line":19,"column":27}},"20":{"start":{"line":21,"column":0},"end":{"line":25,"column":1}},"21":{"start":{"line":22,"column":1},"end":{"line":22,"column":46}},"22":{"start":{"line":23,"column":1},"end":{"line":23,"column":23}},"23":{"start":{"line":24,"column":1},"end":{"line":24,"column":13}},"24":{"start":{"line":27,"column":0},"end":{"line":33,"column":1}},"25":{"start":{"line":28,"column":1},"end":{"line":32,"column":6}},"26":{"start":{"line":30,"column":3},"end":{"line":30,"column":28}},"27":{"start":{"line":31,"column":3},"end":{"line":31,"column":22}},"28":{"start":{"line":35,"column":0},"end":{"line":43,"column":1}},"29":{"start":{"line":36,"column":1},"end":{"line":38,"column":2}},"30":{"start":{"line":37,"column":2},"end":{"line":37,"column":20}},"31":{"start":{"line":39,"column":1},"end":{"line":39,"column":40}},"32":{"start":{"line":40,"column":1},"end":{"line":42,"column":5}},"33":{"start":{"line":41,"column":2},"end":{"line":41,"column":49}},"34":{"start":{"line":45,"column":0},"end":{"line":79,"column":1}},"35":{"start":{"line":46,"column":1},"end":{"line":46,"column":19}},"36":{"start":{"line":47,"column":1},"end":{"line":78,"column":6}},"37":{"start":{"line":49,"column":3},"end":{"line":52,"column":7}},"38":{"start":{"line":50,"column":4},"end":{"line":50,"column":51}},"39":{"start":{"line":51,"column":4},"end":{"line":51,"column":61}},"40":{"start":{"line":53,"column":3},"end":{"line":55,"column":7}},"41":{"start":{"line":54,"column":4},"end":{"line":54,"column":35}},"42":{"start":{"line":56,"column":3},"end":{"line":58,"column":11}},"43":{"start":{"line":57,"column":4},"end":{"line":57,"column":30}},"44":{"start":{"line":61,"column":3},"end":{"line":66,"column":7}},"45":{"start":{"line":62,"column":4},"end":{"line":62,"column":39}},"46":{"start":{"line":63,"column":4},"end":{"line":65,"column":5}},"47":{"start":{"line":64,"column":5},"end":{"line":64,"column":20}},"48":{"start":{"line":67,"column":3},"end":{"line":69,"column":7}},"49":{"start":{"line":68,"column":4},"end":{"line":68,"column":34}},"50":{"start":{"line":70,"column":3},"end":{"line":72,"column":7}},"51":{"start":{"line":71,"column":4},"end":{"line":71,"column":35}},"52":{"start":{"line":73,"column":3},"end":{"line":77,"column":4}},"53":{"start":{"line":74,"column":4},"end":{"line":74,"column":25}},"54":{"start":{"line":76,"column":4},"end":{"line":76,"column":21}},"55":{"start":{"line":81,"column":0},"end":{"line":125,"column":1}},"56":{"start":{"line":82,"column":1},"end":{"line":82,"column":11}},"57":{"start":{"line":83,"column":1},"end":{"line":83,"column":12}},"58":{"start":{"line":84,"column":1},"end":{"line":84,"column":12}},"59":{"start":{"line":85,"column":1},"end":{"line":85,"column":14}},"60":{"start":{"line":86,"column":1},"end":{"line":86,"column":17}},"61":{"start":{"line":87,"column":1},"end":{"line":87,"column":17}},"62":{"start":{"line":89,"column":1},"end":{"line":106,"column":2}},"63":{"start":{"line":90,"column":2},"end":{"line":98,"column":7}},"64":{"start":{"line":92,"column":4},"end":{"line":92,"column":23}},"65":{"start":{"line":93,"column":4},"end":{"line":93,"column":25}},"66":{"start":{"line":94,"column":4},"end":{"line":94,"column":25}},"67":{"start":{"line":95,"column":4},"end":{"line":95,"column":57}},"68":{"start":{"line":96,"column":4},"end":{"line":96,"column":24}},"69":{"start":{"line":97,"column":4},"end":{"line":97,"column":23}},"70":{"start":{"line":100,"column":2},"end":{"line":100,"column":25}},"71":{"start":{"line":101,"column":2},"end":{"line":101,"column":27}},"72":{"start":{"line":102,"column":2},"end":{"line":102,"column":27}},"73":{"start":{"line":103,"column":2},"end":{"line":103,"column":59}},"74":{"start":{"line":104,"column":2},"end":{"line":104,"column":27}},"75":{"start":{"line":105,"column":2},"end":{"line":105,"column":36}},"76":{"start":{"line":107,"column":1},"end":{"line":107,"column":150}},"77":{"start":{"line":108,"column":1},"end":{"line":124,"column":21}},"78":{"start":{"line":109,"column":2},"end":{"line":109,"column":45}},"79":{"start":{"line":110,"column":2},"end":{"line":110,"column":48}},"80":{"start":{"line":111,"column":2},"end":{"line":111,"column":156}},"81":{"start":{"line":112,"column":2},"end":{"line":112,"column":74}},"82":{"start":{"line":113,"column":2},"end":{"line":123,"column":4}},"83":{"start":{"line":127,"column":0},"end":{"line":130,"column":1}},"84":{"start":{"line":128,"column":1},"end":{"line":128,"column":31}},"85":{"start":{"line":129,"column":1},"end":{"line":129,"column":73}},"86":{"start":{"line":132,"column":0},"end":{"line":161,"column":1}},"87":{"start":{"line":133,"column":1},"end":{"line":160,"column":5}},"88":{"start":{"line":134,"column":2},"end":{"line":134,"column":40}},"89":{"start":{"line":135,"column":2},"end":{"line":135,"column":25}},"90":{"start":{"line":136,"column":2},"end":{"line":136,"column":71}},"91":{"start":{"line":137,"column":2},"end":{"line":137,"column":46}},"92":{"start":{"line":138,"column":2},"end":{"line":138,"column":77}},"93":{"start":{"line":140,"column":2},"end":{"line":142,"column":6}},"94":{"start":{"line":141,"column":3},"end":{"line":141,"column":28}},"95":{"start":{"line":143,"column":2},"end":{"line":145,"column":6}},"96":{"start":{"line":144,"column":3},"end":{"line":144,"column":17}},"97":{"start":{"line":146,"column":2},"end":{"line":146,"column":25}},"98":{"start":{"line":148,"column":2},"end":{"line":159,"column":7}},"99":{"start":{"line":150,"column":4},"end":{"line":158,"column":5}},"100":{"start":{"line":151,"column":5},"end":{"line":151,"column":121}},"101":{"start":{"line":153,"column":5},"end":{"line":156,"column":9}},"102":{"start":{"line":154,"column":6},"end":{"line":154,"column":33}},"103":{"start":{"line":155,"column":6},"end":{"line":155,"column":73}},"104":{"start":{"line":157,"column":5},"end":{"line":157,"column":24}},"105":{"start":{"line":163,"column":0},"end":{"line":182,"column":1}},"106":{"start":{"line":164,"column":1},"end":{"line":164,"column":38}},"107":{"start":{"line":165,"column":1},"end":{"line":165,"column":67}},"108":{"start":{"line":166,"column":1},"end":{"line":181,"column":3}},"109":{"start":{"line":184,"column":0},"end":{"line":193,"column":1}},"110":{"start":{"line":185,"column":1},"end":{"line":185,"column":41}},"111":{"start":{"line":186,"column":1},"end":{"line":186,"column":39}},"112":{"start":{"line":187,"column":1},"end":{"line":187,"column":44}},"113":{"start":{"line":188,"column":1},"end":{"line":192,"column":2}},"114":{"start":{"line":189,"column":2},"end":{"line":189,"column":19}},"115":{"start":{"line":191,"column":2},"end":{"line":191,"column":14}},"116":{"start":{"line":195,"column":0},"end":{"line":203,"column":1}},"117":{"start":{"line":196,"column":1},"end":{"line":202,"column":6}},"118":{"start":{"line":198,"column":3},"end":{"line":200,"column":7}},"119":{"start":{"line":199,"column":4},"end":{"line":199,"column":40}},"120":{"start":{"line":201,"column":3},"end":{"line":201,"column":16}},"121":{"start":{"line":205,"column":0},"end":{"line":216,"column":1}},"122":{"start":{"line":206,"column":1},"end":{"line":215,"column":3}},"123":{"start":{"line":207,"column":3},"end":{"line":207,"column":85}},"124":{"start":{"line":208,"column":3},"end":{"line":212,"column":7}},"125":{"start":{"line":209,"column":4},"end":{"line":209,"column":22}},"126":{"start":{"line":210,"column":4},"end":{"line":210,"column":38}},"127":{"start":{"line":211,"column":4},"end":{"line":211,"column":20}},"128":{"start":{"line":214,"column":21},"end":{"line":214,"column":48}},"129":{"start":{"line":218,"column":0},"end":{"line":242,"column":1}},"130":{"start":{"line":219,"column":1},"end":{"line":219,"column":38}},"131":{"start":{"line":220,"column":1},"end":{"line":220,"column":41}},"132":{"start":{"line":221,"column":1},"end":{"line":241,"column":5}},"133":{"start":{"line":222,"column":2},"end":{"line":240,"column":3}},"134":{"start":{"line":223,"column":3},"end":{"line":223,"column":25}},"135":{"start":{"line":224,"column":3},"end":{"line":237,"column":8}},"136":{"start":{"line":228,"column":5},"end":{"line":232,"column":9}},"137":{"start":{"line":229,"column":6},"end":{"line":231,"column":7}},"138":{"start":{"line":230,"column":7},"end":{"line":230,"column":78}},"139":{"start":{"line":233,"column":5},"end":{"line":233,"column":19}},"140":{"start":{"line":236,"column":5},"end":{"line":236,"column":24}},"141":{"start":{"line":239,"column":3},"end":{"line":239,"column":85}},"142":{"start":{"line":244,"column":0},"end":{"line":250,"column":1}},"143":{"start":{"line":245,"column":1},"end":{"line":245,"column":54}},"144":{"start":{"line":246,"column":1},"end":{"line":246,"column":63}},"145":{"start":{"line":247,"column":1},"end":{"line":247,"column":31}},"146":{"start":{"line":248,"column":1},"end":{"line":248,"column":32}},"147":{"start":{"line":249,"column":1},"end":{"line":249,"column":35}},"148":{"start":{"line":252,"column":0},"end":{"line":265,"column":2}}},"branchMap":{"1":{"line":36,"type":"if","locations":[{"start":{"line":36,"column":1},"end":{"line":36,"column":1}},{"start":{"line":36,"column":1},"end":{"line":36,"column":1}}]},"2":{"line":63,"type":"if","locations":[{"start":{"line":63,"column":4},"end":{"line":63,"column":4}},{"start":{"line":63,"column":4},"end":{"line":63,"column":4}}]},"3":{"line":73,"type":"if","locations":[{"start":{"line":73,"column":3},"end":{"line":73,"column":3}},{"start":{"line":73,"column":3},"end":{"line":73,"column":3}}]},"4":{"line":89,"type":"if","locations":[{"start":{"line":89,"column":1},"end":{"line":89,"column":1}},{"start":{"line":89,"column":1},"end":{"line":89,"column":1}}]},"5":{"line":107,"type":"cond-expr","locations":[{"start":{"line":107,"column":43},"end":{"line":107,"column":106}},{"start":{"line":107,"column":109},"end":{"line":107,"column":149}}]},"6":{"line":110,"type":"binary-expr","locations":[{"start":{"line":110,"column":9},"end":{"line":110,"column":13}},{"start":{"line":110,"column":17},"end":{"line":110,"column":47}}]},"7":{"line":122,"type":"cond-expr","locations":[{"start":{"line":122,"column":26},"end":{"line":122,"column":45}},{"start":{"line":122,"column":48},"end":{"line":122,"column":57}}]},"8":{"line":129,"type":"cond-expr","locations":[{"start":{"line":129,"column":21},"end":{"line":129,"column":59}},{"start":{"line":129,"column":62},"end":{"line":129,"column":72}}]},"9":{"line":136,"type":"cond-expr","locations":[{"start":{"line":136,"column":40},"end":{"line":136,"column":47}},{"start":{"line":136,"column":50},"end":{"line":136,"column":70}}]},"10":{"line":150,"type":"if","locations":[{"start":{"line":150,"column":4},"end":{"line":150,"column":4}},{"start":{"line":150,"column":4},"end":{"line":150,"column":4}}]},"11":{"line":169,"type":"binary-expr","locations":[{"start":{"line":169,"column":26},"end":{"line":169,"column":35}},{"start":{"line":169,"column":39},"end":{"line":169,"column":43}}]},"12":{"line":188,"type":"if","locations":[{"start":{"line":188,"column":1},"end":{"line":188,"column":1}},{"start":{"line":188,"column":1},"end":{"line":188,"column":1}}]},"13":{"line":222,"type":"if","locations":[{"start":{"line":222,"column":2},"end":{"line":222,"column":2}},{"start":{"line":222,"column":2},"end":{"line":222,"column":2}}]},"14":{"line":229,"type":"if","locations":[{"start":{"line":229,"column":6},"end":{"line":229,"column":6}},{"start":{"line":229,"column":6},"end":{"line":229,"column":6}}]}},"l":{"1":1,"2":1,"3":1,"4":1,"5":1,"6":1,"7":1,"8":1,"9":1,"10":1,"11":1,"12":1,"13":1,"14":1,"15":1,"16":1,"17":1,"18":1,"19":1,"21":1,"22":2,"23":2,"24":2,"27":1,"28":1,"30":1,"31":1,"35":1,"36":5,"37":0,"39":5,"40":5,"41":123,"45":1,"46":2,"47":2,"49":2,"50":3,"51":3,"53":2,"54":3,"56":2,"57":3,"61":2,"62":3,"63":3,"64":3,"67":2,"68":3,"70":2,"71":3,"73":2,"74":1,"76":1,"81":1,"82":2,"83":2,"84":2,"85":2,"86":2,"87":2,"89":2,"90":2,"92":2,"93":2,"94":2,"95":2,"96":2,"97":2,"100":0,"101":0,"102":0,"103":0,"104":0,"105":0,"107":2,"108":2,"109":2,"110":2,"111":2,"112":2,"113":2,"127":1,"128":3,"129":3,"132":1,"133":1,"134":1,"135":1,"136":1,"137":1,"138":1,"140":1,"141":1,"143":1,"144":0,"146":1,"148":1,"150":1,"151":0,"153":1,"154":2866,"155":2866,"157":1,"163":1,"164":26,"165":26,"166":26,"184":1,"185":24,"186":24,"187":24,"188":24,"189":0,"191":24,"195":1,"196":1,"198":1,"199":24,"201":1,"205":1,"206":2,"207":29,"208":29,"209":319,"210":319,"211":319,"214":319,"218":1,"219":2,"220":2,"221":2,"222":2,"223":1,"224":1,"228":0,"229":0,"230":0,"233":0,"236":1,"239":1,"244":1,"245":1,"246":1,"247":1,"248":1,"249":1,"252":1}},
"/git/labs/nonstop/nonstop-pack/src/sysInfo.js":{"path":"/git/labs/nonstop/nonstop-pack/src/sysInfo.js","s":{"1":1,"2":1,"3":1,"4":1,"5":1,"6":1,"7":1,"8":1,"9":2,"10":1,"11":1,"12":1,"13":1,"14":1,"15":1},"b":{"1":[1,1],"2":[1,0],"3":[1,1],"4":[1,0]},"f":{"1":1,"2":2,"3":1},"fnMap":{"1":{"name":"getIP","line":6,"loc":{"start":{"line":6,"column":0},"end":{"line":6,"column":17}}},"2":{"name":"(anonymous_2)","line":9,"loc":{"start":{"line":9,"column":39},"end":{"line":9,"column":61}}},"3":{"name":"getInfo","line":17,"loc":{"start":{"line":17,"column":0},"end":{"line":17,"column":19}}}},"statementMap":{"1":{"start":{"line":1,"column":0},"end":{"line":1,"column":28}},"2":{"start":{"line":2,"column":0},"end":{"line":2,"column":25}},"3":{"start":{"line":3,"column":0},"end":{"line":3,"column":17}},"4":{"start":{"line":4,"column":0},"end":{"line":4,"column":38}},"5":{"start":{"line":6,"column":0},"end":{"line":15,"column":1}},"6":{"start":{"line":7,"column":1},"end":{"line":7,"column":159}},"7":{"start":{"line":8,"column":1},"end":{"line":8,"column":58}},"8":{"start":{"line":9,"column":1},"end":{"line":11,"column":9}},"9":{"start":{"line":10,"column":2},"end":{"line":10,"column":28}},"10":{"start":{"line":12,"column":1},"end":{"line":12,"column":58}},"11":{"start":{"line":13,"column":1},"end":{"line":13,"column":21}},"12":{"start":{"line":14,"column":1},"end":{"line":14,"column":21}},"13":{"start":{"line":17,"column":0},"end":{"line":27,"column":1}},"14":{"start":{"line":18,"column":1},"end":{"line":26,"column":3}},"15":{"start":{"line":29,"column":0},"end":{"line":29,"column":25}}},"branchMap":{"1":{"line":24,"type":"binary-expr","locations":[{"start":{"line":24,"column":12},"end":{"line":24,"column":50}},{"start":{"line":24,"column":56},"end":{"line":24,"column":61}}]},"2":{"line":24,"type":"cond-expr","locations":[{"start":{"line":24,"column":24},"end":{"line":24,"column":38}},{"start":{"line":24,"column":41},"end":{"line":24,"column":50}}]},"3":{"line":25,"type":"binary-expr","locations":[{"start":{"line":25,"column":15},"end":{"line":25,"column":56}},{"start":{"line":25,"column":62},"end":{"line":25,"column":67}}]},"4":{"line":25,"type":"cond-expr","locations":[{"start":{"line":25,"column":27},"end":{"line":25,"column":44}},{"start":{"line":25,"column":47},"end":{"line":25,"column":56}}]}},"l":{"1":1,"2":1,"3":1,"4":1,"6":1,"7":1,"8":1,"9":1,"10":2,"12":1,"13":1,"14":1,"17":1,"18":1,"29":1}},
"/git/labs/nonstop/nonstop-pack/src/config.js":{"path":"/git/labs/nonstop/nonstop-pack/src/config.js","s":{"1":1},"b":{},"f":{},"fnMap":{},"statementMap":{"1":{"start":{"line":1,"column":0},"end":{"line":1,"column":53}}},"branchMap":{},"l":{"1":1}}}
