TN:
SF:/git/labs/nonstop/nonstop-pack/src/git.js
FN:8,getBranch
FN:10,(anonymous_2)
FN:15,getCommit
FN:17,(anonymous_4)
FN:22,getFileAtSha
FN:26,getOwner
FN:29,(anonymous_7)
FN:34,getRepository
FN:37,(anonymous_9)
FN:42,getRevisionListFor
FN:44,(anonymous_11)
FN:45,(anonymous_12)
FN:49,getVersionHistory
FN:52,(anonymous_14)
FN:54,(anonymous_15)
FN:61,getVersionHistoryFor
FN:65,(anonymous_17)
FN:66,(anonymous_18)
FN:68,(anonymous_19)
FN:72,(anonymous_20)
FN:73,(anonymous_21)
FN:78,(anonymous_22)
FN:79,(anonymous_23)
FN:96,createInfo
FN:106,readRepository
FNF:25
FNH:25
FNDA:3,getBranch
FNDA:3,(anonymous_2)
FNDA:3,getCommit
FNDA:3,(anonymous_4)
FNDA:27,getFileAtSha
FNDA:3,getOwner
FNDA:3,(anonymous_7)
FNDA:3,getRepository
FNDA:3,(anonymous_9)
FNDA:3,getRevisionListFor
FNDA:3,(anonymous_11)
FNDA:30,(anonymous_12)
FNDA:1,getVersionHistory
FNDA:1,(anonymous_14)
FNDA:1,(anonymous_15)
FNDA:3,getVersionHistoryFor
FNDA:3,(anonymous_17)
FNDA:27,(anonymous_18)
FNDA:27,(anonymous_19)
FNDA:3,(anonymous_20)
FNDA:27,(anonymous_21)
FNDA:3,(anonymous_22)
FNDA:27,(anonymous_23)
FNDA:3,createInfo
FNDA:3,readRepository
DA:1,1
DA:2,1
DA:3,1
DA:4,1
DA:5,1
DA:6,1
DA:8,1
DA:9,3
DA:11,3
DA:15,1
DA:16,3
DA:18,3
DA:22,1
DA:23,27
DA:26,1
DA:27,3
DA:28,3
DA:30,3
DA:34,1
DA:35,3
DA:36,3
DA:38,3
DA:42,1
DA:43,3
DA:45,30
DA:49,1
DA:50,1
DA:51,1
DA:53,1
DA:55,1
DA:58,1
DA:61,1
DA:62,3
DA:63,3
DA:64,3
DA:66,3
DA:67,27
DA:69,27
DA:73,3
DA:74,27
DA:75,27
DA:79,3
DA:80,27
DA:81,27
DA:82,24
DA:84,3
DA:86,27
DA:87,27
DA:89,3
DA:90,3
DA:93,3
DA:96,1
DA:97,3
DA:106,1
DA:107,3
DA:110,1
LF:56
LH:56
BRDA:45,1,0,30
BRDA:45,1,1,27
BRDA:81,2,0,24
BRDA:81,2,1,3
BRF:4
BRH:4
end_of_record
TN:
SF:/git/labs/nonstop/nonstop-pack/src/command.js
FN:5,executeCommand
FN:7,(anonymous_2)
FN:11,(anonymous_3)
FNF:3
FNH:3
FNDA:42,executeCommand
FNDA:42,(anonymous_2)
FNDA:42,(anonymous_3)
DA:1,1
DA:2,1
DA:3,1
DA:5,1
DA:6,42
DA:7,42
DA:8,42
DA:9,42
DA:12,42
DA:13,0
DA:15,42
DA:21,1
LF:12
LH:11
BRDA:6,1,0,42
BRDA:6,1,1,0
BRDA:8,2,0,0
BRDA:8,2,1,42
BRDA:12,3,0,0
BRDA:12,3,1,42
BRF:6
BRH:3
end_of_record
TN:
SF:/git/labs/nonstop/nonstop-pack/src/version.js
FN:7,parseErlangVersion
FN:13,parseNodeVersion
FN:18,parseDotNetVersion
FN:36,getVersionFile
FN:38,(anonymous_5)
FN:40,(anonymous_6)
FN:55,getVersion
FNF:7
FNH:7
FNDA:1,parseErlangVersion
FNDA:28,parseNodeVersion
FNDA:1,parseDotNetVersion
FNDA:4,getVersionFile
FNDA:4,(anonymous_5)
FNDA:4,(anonymous_6)
FNDA:30,getVersion
DA:1,1
DA:2,1
DA:3,1
DA:4,1
DA:5,1
DA:7,1
DA:8,1
DA:9,1
DA:10,1
DA:13,1
DA:14,28
DA:15,28
DA:18,1
DA:19,1
DA:20,1
DA:21,1
DA:24,1
DA:30,1
DA:36,1
DA:37,4
DA:38,4
DA:39,4
DA:41,4
DA:42,0
DA:44,4
DA:45,4
DA:46,4
DA:48,0
DA:55,1
DA:56,30
DA:57,12
DA:59,30
DA:60,30
DA:63,1
LF:34
LH:32
BRDA:10,1,0,1
BRDA:10,1,1,0
BRDA:21,2,0,1
BRDA:21,2,1,0
BRDA:41,3,0,0
BRDA:41,3,1,4
BRDA:56,4,0,12
BRDA:56,4,1,18
BRF:8
BRH:5
end_of_record
TN:
SF:/git/labs/nonstop/nonstop-pack/src/package.js
FN:21,addPackage
FN:27,createPackage
FN:29,(anonymous_3)
FN:35,findPackage
FN:40,(anonymous_5)
FN:45,getInstalledVersion
FN:48,(anonymous_7)
FN:49,(anonymous_8)
FN:53,(anonymous_9)
FN:56,(anonymous_10)
FN:60,(anonymous_11)
FN:61,(anonymous_12)
FN:67,(anonymous_13)
FN:70,(anonymous_14)
FN:81,getPackageInfo
FN:91,(anonymous_16)
FN:108,(anonymous_17)
FN:127,getPackageVersion
FN:132,pack
FN:133,(anonymous_20)
FN:140,(anonymous_21)
FN:143,(anonymous_22)
FN:149,(anonymous_23)
FN:153,(anonymous_24)
FN:163,parsePackage
FN:184,processPackage
FN:195,scanPackages
FN:197,(anonymous_28)
FN:198,(anonymous_29)
FN:205,termList
FN:206,(anonymous_31)
FN:208,(anonymous_32)
FN:214,(anonymous_33)
FN:218,unpack
FN:221,(anonymous_35)
FN:227,(anonymous_36)
FN:228,(anonymous_37)
FN:235,(anonymous_38)
FN:244,uploadPackage
FNF:39
FNH:36
FNDA:2,addPackage
FNDA:1,createPackage
FNDA:1,(anonymous_3)
FNDA:5,findPackage
FNDA:123,(anonymous_5)
FNDA:2,getInstalledVersion
FNDA:2,(anonymous_7)
FNDA:3,(anonymous_8)
FNDA:3,(anonymous_9)
FNDA:3,(anonymous_10)
FNDA:2,(anonymous_11)
FNDA:3,(anonymous_12)
FNDA:3,(anonymous_13)
FNDA:3,(anonymous_14)
FNDA:2,getPackageInfo
FNDA:2,(anonymous_16)
FNDA:2,(anonymous_17)
FNDA:3,getPackageVersion
FNDA:1,pack
FNDA:1,(anonymous_20)
FNDA:1,(anonymous_21)
FNDA:0,(anonymous_22)
FNDA:1,(anonymous_23)
FNDA:2866,(anonymous_24)
FNDA:26,parsePackage
FNDA:24,processPackage
FNDA:1,scanPackages
FNDA:1,(anonymous_28)
FNDA:24,(anonymous_29)
FNDA:2,termList
FNDA:29,(anonymous_31)
FNDA:319,(anonymous_32)
FNDA:319,(anonymous_33)
FNDA:2,unpack
FNDA:2,(anonymous_35)
FNDA:0,(anonymous_36)
FNDA:0,(anonymous_37)
FNDA:1,(anonymous_38)
FNDA:1,uploadPackage
DA:1,1
DA:2,1
DA:3,1
DA:4,1
DA:5,1
DA:6,1
DA:7,1
DA:8,1
DA:9,1
DA:10,1
DA:11,1
DA:12,1
DA:13,1
DA:14,1
DA:15,1
DA:16,1
DA:17,1
DA:18,1
DA:19,1
DA:21,1
DA:22,2
DA:23,2
DA:24,2
DA:27,1
DA:28,1
DA:30,1
DA:31,1
DA:35,1
DA:36,5
DA:37,0
DA:39,5
DA:40,5
DA:41,123
DA:45,1
DA:46,2
DA:47,2
DA:49,2
DA:50,3
DA:51,3
DA:53,2
DA:54,3
DA:56,2
DA:57,3
DA:61,2
DA:62,3
DA:63,3
DA:64,3
DA:67,2
DA:68,3
DA:70,2
DA:71,3
DA:73,2
DA:74,1
DA:76,1
DA:81,1
DA:82,2
DA:83,2
DA:84,2
DA:85,2
DA:86,2
DA:87,2
DA:89,2
DA:90,2
DA:92,2
DA:93,2
DA:94,2
DA:95,2
DA:96,2
DA:97,2
DA:100,0
DA:101,0
DA:102,0
DA:103,0
DA:104,0
DA:105,0
DA:107,2
DA:108,2
DA:109,2
DA:110,2
DA:111,2
DA:112,2
DA:113,2
DA:127,1
DA:128,3
DA:129,3
DA:132,1
DA:133,1
DA:134,1
DA:135,1
DA:136,1
DA:137,1
DA:138,1
DA:140,1
DA:141,1
DA:143,1
DA:144,0
DA:146,1
DA:148,1
DA:150,1
DA:151,0
DA:153,1
DA:154,2866
DA:155,2866
DA:157,1
DA:163,1
DA:164,26
DA:165,26
DA:166,26
DA:184,1
DA:185,24
DA:186,24
DA:187,24
DA:188,24
DA:189,0
DA:191,24
DA:195,1
DA:196,1
DA:198,1
DA:199,24
DA:201,1
DA:205,1
DA:206,2
DA:207,29
DA:208,29
DA:209,319
DA:210,319
DA:211,319
DA:214,319
DA:218,1
DA:219,2
DA:220,2
DA:221,2
DA:222,2
DA:223,1
DA:224,1
DA:228,0
DA:229,0
DA:230,0
DA:233,0
DA:236,1
DA:239,1
DA:244,1
DA:245,1
DA:246,1
DA:247,1
DA:248,1
DA:249,1
DA:252,1
LF:148
LH:134
BRDA:36,1,0,0
BRDA:36,1,1,5
BRDA:63,2,0,3
BRDA:63,2,1,0
BRDA:73,3,0,1
BRDA:73,3,1,1
BRDA:89,4,0,2
BRDA:89,4,1,0
BRDA:107,5,0,1
BRDA:107,5,1,1
BRDA:110,6,0,2
BRDA:110,6,1,0
BRDA:122,7,0,2
BRDA:122,7,1,0
BRDA:129,8,0,3
BRDA:129,8,1,0
BRDA:136,9,0,0
BRDA:136,9,1,1
BRDA:150,10,0,0
BRDA:150,10,1,1
BRDA:169,11,0,26
BRDA:169,11,1,2
BRDA:188,12,0,0
BRDA:188,12,1,24
BRDA:222,13,0,1
BRDA:222,13,1,1
BRDA:229,14,0,0
BRDA:229,14,1,0
BRF:28
BRH:17
end_of_record
TN:
SF:/git/labs/nonstop/nonstop-pack/src/sysInfo.js
FN:6,getIP
FN:9,(anonymous_2)
FN:17,getInfo
FNF:3
FNH:3
FNDA:1,getIP
FNDA:2,(anonymous_2)
FNDA:1,getInfo
DA:1,1
DA:2,1
DA:3,1
DA:4,1
DA:6,1
DA:7,1
DA:8,1
DA:9,1
DA:10,2
DA:12,1
DA:13,1
DA:14,1
DA:17,1
DA:18,1
DA:29,1
LF:15
LH:15
BRDA:24,1,0,1
BRDA:24,1,1,1
BRDA:24,2,0,1
BRDA:24,2,1,0
BRDA:25,3,0,1
BRDA:25,3,1,1
BRDA:25,4,0,1
BRDA:25,4,1,0
BRF:8
BRH:6
end_of_record
TN:
SF:/git/labs/nonstop/nonstop-pack/src/config.js
FNF:0
FNH:0
DA:1,1
LF:1
LH:1
BRF:0
BRH:0
end_of_record
